<?xml version="1.0" encoding="UTF-8"?>
<!-- Generated by org.testng.reporters.JUnitXMLReporter -->
<testsuite ignored="0" hostname="LAPTOP-0SVGRBIF" failures="0" tests="2" name="Full Integration Test" time="106.574" errors="0" timestamp="2025-06-22T09:45:59 CEST">
  <testcase classname="com.eventdriven.order.EventDrivenTest" name="@BeforeClass setupTestClass" time="105.83">
    <failure type="java.lang.RuntimeException" message="Failed to start containers">
      <![CDATA[java.lang.RuntimeException: Failed to start containers
at com.eventdriven.order.EventDrivenTest.startContainers(EventDrivenTest.java:129)
at com.eventdriven.order.EventDrivenTest.setupTestClass(EventDrivenTest.java:73)
at java.base/java.util.concurrent.Executors$RunnableAdapter.call(Executors.java:572)
at java.base/java.util.concurrent.FutureTask.run(FutureTask.java:317)
at java.base/java.util.concurrent.ThreadPoolExecutor.runWorker(ThreadPoolExecutor.java:1144)
at java.base/java.util.concurrent.ThreadPoolExecutor$Worker.run(ThreadPoolExecutor.java:642)
at java.base/java.lang.Thread.run(Thread.java:1583)
Caused by: org.testcontainers.containers.ContainerLaunchException: Container startup failed for image confluentinc/cp-kafka:7.5.0
at org.testcontainers.containers.GenericContainer.doStart(GenericContainer.java:351)
at org.testcontainers.containers.GenericContainer.start(GenericContainer.java:322)
at com.eventdriven.order.EventDrivenTest.startContainers(EventDrivenTest.java:117)
... 15 more
Caused by: org.rnorth.ducttape.RetryCountExceededException: Retry limit hit with exception
at org.rnorth.ducttape.unreliables.Unreliables.retryUntilSuccess(Unreliables.java:88)
at org.testcontainers.containers.GenericContainer.doStart(GenericContainer.java:336)
... 17 more
Caused by: org.testcontainers.containers.ContainerLaunchException: Could not create/start container
at org.testcontainers.containers.GenericContainer.tryStart(GenericContainer.java:556)
at org.testcontainers.containers.GenericContainer.lambda$doStart$0(GenericContainer.java:346)
at org.rnorth.ducttape.unreliables.Unreliables.retryUntilSuccess(Unreliables.java:81)
... 18 more
Caused by: java.lang.IllegalStateException: Wait strategy failed. Container exited with code 127
at org.testcontainers.containers.GenericContainer.tryStart(GenericContainer.java:525)
... 20 more
Caused by: org.testcontainers.containers.ContainerLaunchException: Timed out waiting for log output matching '.*Transitioning from RECOVERY to RUNNING.*'
at org.testcontainers.containers.wait.strategy.LogMessageWaitStrategy.waitUntilReady(LogMessageWaitStrategy.java:47)
at org.testcontainers.containers.wait.strategy.AbstractWaitStrategy.waitUntilReady(AbstractWaitStrategy.java:52)
at org.testcontainers.containers.GenericContainer.waitUntilContainerStarted(GenericContainer.java:909)
at org.testcontainers.containers.GenericContainer.tryStart(GenericContainer.java:492)
... 20 more
... Removed 9 stack frames]]>
    </failure>
  </testcase> <!-- @BeforeClass setupTestClass -->
  <testcase classname="com.eventdriven.order.EventDrivenTest" name="testOrderEventEndToEnd" time="0.0">
    <skipped/>
  </testcase> <!-- testOrderEventEndToEnd -->
  <testcase classname="com.eventdriven.order.EventDrivenTest" name="testMalformedOrderGoesToDlq" time="0.0">
    <skipped/>
  </testcase> <!-- testMalformedOrderGoesToDlq -->
</testsuite> <!-- Full Integration Test -->
