<?xml version="1.0" encoding="UTF-8"?>
<!-- Generated by org.testng.reporters.JUnitXMLReporter -->
<testsuite ignored="0" hostname="LAPTOP-0SVGRBIF" failures="2" tests="2" name="Full Integration Test" time="0.098" errors="0" timestamp="2025-06-22T10:10:06 CEST">
  <testcase classname="com.eventdriven.order.EventDrivenTest" name="testMalformedOrderGoesToDlq" time="0.022">
    <failure type="java.lang.NullPointerException" message="Cannot invoke &amp;quot;org.testcontainers.kafka.KafkaContainer.getBootstrapServers()&amp;quot; because &amp;quot;com.eventdriven.order.EventDrivenTest.kafka&amp;quot; is null">
      <![CDATA[java.lang.NullPointerException: Cannot invoke "org.testcontainers.kafka.KafkaContainer.getBootstrapServers()" because "com.eventdriven.order.EventDrivenTest.kafka" is null
at com.eventdriven.order.EventDrivenTest.testMalformedOrderGoesToDlq(EventDrivenTest.java:184)
at java.base/java.util.concurrent.Executors$RunnableAdapter.call(Executors.java:572)
at java.base/java.util.concurrent.FutureTask.run(FutureTask.java:317)
at java.base/java.util.concurrent.ThreadPoolExecutor.runWorker(ThreadPoolExecutor.java:1144)
at java.base/java.util.concurrent.ThreadPoolExecutor$Worker.run(ThreadPoolExecutor.java:642)
at java.base/java.lang.Thread.run(Thread.java:1583)
... Removed 11 stack frames]]>
    </failure>
  </testcase> <!-- testMalformedOrderGoesToDlq -->
  <testcase classname="com.eventdriven.order.EventDrivenTest" name="testOrderEventEndToEnd" time="0.016">
    <failure type="java.lang.NullPointerException" message="Cannot invoke &amp;quot;com.eventdriven.order.util.TestKafkaProducer.sendOrder(com.eventdriven.order.model.Order)&amp;quot; because &amp;quot;com.eventdriven.order.EventDrivenTest.testKafkaProducer&amp;quot; is null">
      <![CDATA[java.lang.NullPointerException: Cannot invoke "com.eventdriven.order.util.TestKafkaProducer.sendOrder(com.eventdriven.order.model.Order)" because "com.eventdriven.order.EventDrivenTest.testKafkaProducer" is null
at com.eventdriven.order.EventDrivenTest.testOrderEventEndToEnd(EventDrivenTest.java:160)
at java.base/java.util.concurrent.Executors$RunnableAdapter.call(Executors.java:572)
at java.base/java.util.concurrent.FutureTask.run(FutureTask.java:317)
at java.base/java.util.concurrent.ThreadPoolExecutor.runWorker(ThreadPoolExecutor.java:1144)
at java.base/java.util.concurrent.ThreadPoolExecutor$Worker.run(ThreadPoolExecutor.java:642)
at java.base/java.lang.Thread.run(Thread.java:1583)
... Removed 11 stack frames]]>
    </failure>
  </testcase> <!-- testOrderEventEndToEnd -->
</testsuite> <!-- Full Integration Test -->
