<?xml version="1.0" encoding="UTF-8"?>
<robot generator="Robot 7.3 (Python 3.13.1 on win32)" generated="2025-06-12T12:10:38.822607" rpa="false" schemaversion="5">
<suite id="s1" name="Tests" source="C:\Users\csaba\Documents\Projects\qa-suite-rec\robot-framework-python-tests\tests">
<suite id="s1-s1" name="Gui Tests" source="C:\Users\csaba\Documents\Projects\qa-suite-rec\robot-framework-python-tests\tests\gui_tests">
<suite id="s1-s1-s1" name="Launch Page Tests" source="C:\Users\csaba\Documents\Projects\qa-suite-rec\robot-framework-python-tests\tests\gui_tests\launch_page_tests.robot">
<kw name="Open Launch Page" owner="spacex_ui_keywords" type="SETUP">
<kw name="Open Browser" owner="SeleniumLibrary">
<msg time="2025-06-12T12:10:41.152996" level="INFO">Opening browser 'Chrome' to base url 'https://www.spacex.com/launches/latest'.</msg>
<arg>${url}</arg>
<arg>${browser}</arg>
<doc>Opens a new browser instance to the optional ``url``.</doc>
<status status="PASS" start="2025-06-12T12:10:41.152723" elapsed="7.737784"/>
</kw>
<kw name="Maximize Browser Window" owner="SeleniumLibrary">
<doc>Maximizes current browser window.</doc>
<status status="PASS" start="2025-06-12T12:10:48.892546" elapsed="0.237771"/>
</kw>
<kw name="Set Selenium Timeout" owner="SeleniumLibrary">
<arg>${timeout}</arg>
<doc>Sets the timeout that is used by various keywords.</doc>
<status status="PASS" start="2025-06-12T12:10:49.130724" elapsed="0.002044"/>
</kw>
<arg>${LAUNCH_PAGE_URL}</arg>
<arg>${BROWSER}</arg>
<arg>${TIMEOUT}</arg>
<status status="PASS" start="2025-06-12T12:10:41.151949" elapsed="7.981161"/>
</kw>
<test id="s1-s1-s1-t1" name="Verify Latest Launch Section Present" line="9">
<kw name="Verify Latest Launch Section Visible" owner="spacex_ui_keywords">
<kw name="Wait Until Element Is Visible" owner="SeleniumLibrary">
<msg time="2025-06-12T12:10:59.920362" level="INFO" html="true">&lt;/td&gt;&lt;/tr&gt;&lt;tr&gt;&lt;td colspan="3"&gt;&lt;a href="selenium-screenshot-1.png"&gt;&lt;img src="selenium-screenshot-1.png" width="800px"&gt;&lt;/a&gt;</msg>
<msg time="2025-06-12T12:10:59.920914" level="FAIL">Element 'xpath=//section[contains(., 'Latest Launch')]' not visible after 10 seconds.</msg>
<arg>${LAUNCH_SECTION}</arg>
<doc>Waits until the element ``locator`` is visible.</doc>
<status status="FAIL" start="2025-06-12T12:10:49.135510" elapsed="10.793381">Element 'xpath=//section[contains(., 'Latest Launch')]' not visible after 10 seconds.</status>
</kw>
<kw name="Page Should Contain Element" owner="SeleniumLibrary">
<arg>${LAUNCH_TITLE}</arg>
<doc>Verifies that element ``locator`` is found on the current page.</doc>
<status status="NOT RUN" start="2025-06-12T12:10:59.929782" elapsed="0.000483"/>
</kw>
<status status="FAIL" start="2025-06-12T12:10:49.134651" elapsed="10.796070">Element 'xpath=//section[contains(., 'Latest Launch')]' not visible after 10 seconds.</status>
</kw>
<status status="FAIL" start="2025-06-12T12:10:49.133258" elapsed="10.798015">Element 'xpath=//section[contains(., 'Latest Launch')]' not visible after 10 seconds.</status>
</test>
<test id="s1-s1-s1-t2" name="Capture Launch Patch Image" line="12">
<kw name="Set Variable" owner="BuiltIn">
<msg time="2025-06-12T12:10:59.933611" level="INFO">${current_screenshot} = results/visual_latest_launch.png</msg>
<var>${current_screenshot}</var>
<arg>results/visual_latest_launch.png</arg>
<doc>Returns the given values which can then be assigned to a variables.</doc>
<status status="PASS" start="2025-06-12T12:10:59.932683" elapsed="0.001091"/>
</kw>
<kw name="Capture Launch Patch Image" owner="spacex_ui_keywords">
<kw name="Wait Until Element Is Visible" owner="SeleniumLibrary">
<msg time="2025-06-12T12:11:10.804216" level="INFO" html="true">&lt;/td&gt;&lt;/tr&gt;&lt;tr&gt;&lt;td colspan="3"&gt;&lt;a href="selenium-screenshot-2.png"&gt;&lt;img src="selenium-screenshot-2.png" width="800px"&gt;&lt;/a&gt;</msg>
<msg time="2025-06-12T12:11:10.804510" level="FAIL">Element 'xpath=//img[@class="rocket-patch"]' not visible after 10 seconds.</msg>
<arg>${LAUNCH_IMG}</arg>
<doc>Waits until the element ``locator`` is visible.</doc>
<status status="FAIL" start="2025-06-12T12:10:59.935983" elapsed="10.870975">Element 'xpath=//img[@class="rocket-patch"]' not visible after 10 seconds.</status>
</kw>
<kw name="Capture Element Screenshot" owner="SeleniumLibrary">
<arg>${LAUNCH_IMG}</arg>
<arg>${save_path}</arg>
<doc>Captures a screenshot from the element identified by ``locator`` and embeds it into log file.</doc>
<status status="NOT RUN" start="2025-06-12T12:11:10.808598" elapsed="0.000290"/>
</kw>
<arg>${current_screenshot}</arg>
<status status="FAIL" start="2025-06-12T12:10:59.934503" elapsed="10.874650">Element 'xpath=//img[@class="rocket-patch"]' not visible after 10 seconds.</status>
</kw>
<status status="FAIL" start="2025-06-12T12:10:59.932186" elapsed="10.877436">Element 'xpath=//img[@class="rocket-patch"]' not visible after 10 seconds.</status>
</test>
<kw name="Close Launch Browser" owner="spacex_ui_keywords" type="TEARDOWN">
<kw name="Close Browser" owner="SeleniumLibrary">
<doc>Closes the current browser.</doc>
<status status="PASS" start="2025-06-12T12:11:10.811388" elapsed="2.322776"/>
</kw>
<status status="PASS" start="2025-06-12T12:11:10.810768" elapsed="2.323752"/>
</kw>
<status status="FAIL" start="2025-06-12T12:10:38.865428" elapsed="34.269236"/>
</suite>
<status status="FAIL" start="2025-06-12T12:10:38.862682" elapsed="34.273867"/>
</suite>
<status status="FAIL" start="2025-06-12T12:10:38.851222" elapsed="34.286614"/>
</suite>
<statistics>
<total>
<stat pass="0" fail="2" skip="0">All Tests</stat>
</total>
<tag>
</tag>
<suite>
<stat name="Tests" id="s1" pass="0" fail="2" skip="0">Tests</stat>
<stat name="Gui Tests" id="s1-s1" pass="0" fail="2" skip="0">Tests.Gui Tests</stat>
<stat name="Launch Page Tests" id="s1-s1-s1" pass="0" fail="2" skip="0">Tests.Gui Tests.Launch Page Tests</stat>
</suite>
</statistics>
<errors>
</errors>
</robot>
