<?xml version="1.0" encoding="UTF-8"?>
<robot generator="Robot 7.3 (Python 3.13.1 on win32)" generated="2025-06-12T12:10:38.784481" rpa="false" schemaversion="5">
<suite id="s1" name="Tests" source="C:\Users\csaba\Documents\Projects\qa-suite-rec\robot-framework-python-tests\tests">
<suite id="s1-s1" name="Gui Tests" source="C:\Users\csaba\Documents\Projects\qa-suite-rec\robot-framework-python-tests\tests\gui_tests">
<suite id="s1-s1-s1" name="Iframe Launch Tests" source="C:\Users\csaba\Documents\Projects\qa-suite-rec\robot-framework-python-tests\tests\gui_tests\iframe_launch_tests.robot">
<kw name="Open Launch Page" owner="spacex_ui_keywords" type="SETUP">
<kw name="Open Browser" owner="SeleniumLibrary">
<msg time="2025-06-12T12:10:41.162629" level="INFO">Opening browser 'Chrome' to base url 'https://www.spacex.com/launches/latest'.</msg>
<arg>${url}</arg>
<arg>${browser}</arg>
<doc>Opens a new browser instance to the optional ``url``.</doc>
<status status="PASS" start="2025-06-12T12:10:41.162364" elapsed="7.728517"/>
</kw>
<kw name="Maximize Browser Window" owner="SeleniumLibrary">
<doc>Maximizes current browser window.</doc>
<status status="PASS" start="2025-06-12T12:10:48.892412" elapsed="0.240241"/>
</kw>
<kw name="Set Selenium Timeout" owner="SeleniumLibrary">
<arg>${timeout}</arg>
<doc>Sets the timeout that is used by various keywords.</doc>
<status status="PASS" start="2025-06-12T12:10:49.133097" elapsed="0.049599"/>
</kw>
<arg>${LAUNCH_PAGE_URL}</arg>
<arg>${BROWSER}</arg>
<arg>${TIMEOUT}</arg>
<status status="PASS" start="2025-06-12T12:10:41.161609" elapsed="8.022680"/>
</kw>
<test id="s1-s1-s1-t1" name="Verify Latest Launch Info Inside Iframe" line="9">
<kw name="Switch To Launch Details Iframe" owner="spacex_ui_keywords">
<kw name="Wait Until Element Is Visible" owner="SeleniumLibrary">
<msg time="2025-06-12T12:11:00.709900" level="INFO" html="true">&lt;/td&gt;&lt;/tr&gt;&lt;tr&gt;&lt;td colspan="3"&gt;&lt;a href="selenium-screenshot-1.png"&gt;&lt;img src="selenium-screenshot-1.png" width="800px"&gt;&lt;/a&gt;</msg>
<msg time="2025-06-12T12:11:00.710484" level="FAIL">Element 'xpath=//iframe[@id="launch-details-frame"]' not visible after 10 seconds.</msg>
<arg>${IFRAME_FRAME}</arg>
<doc>Waits until the element ``locator`` is visible.</doc>
<status status="FAIL" start="2025-06-12T12:10:49.190341" elapsed="11.527511">Element 'xpath=//iframe[@id="launch-details-frame"]' not visible after 10 seconds.</status>
</kw>
<kw name="Select Frame" owner="SeleniumLibrary">
<arg>${IFRAME_FRAME}</arg>
<doc>Sets frame identified by ``locator`` as the current frame.</doc>
<status status="NOT RUN" start="2025-06-12T12:11:00.718757" elapsed="0.000522"/>
</kw>
<status status="FAIL" start="2025-06-12T12:10:49.189858" elapsed="11.529944">Element 'xpath=//iframe[@id="launch-details-frame"]' not visible after 10 seconds.</status>
</kw>
<kw name="Verify Content Inside Iframe" owner="spacex_ui_keywords">
<status status="NOT RUN" start="2025-06-12T12:11:00.720390" elapsed="0.000465"/>
</kw>
<kw name="Unselect Frame" owner="SeleniumLibrary">
<doc>Sets the main frame as the current frame.</doc>
<status status="NOT RUN" start="2025-06-12T12:11:00.721314" elapsed="0.000365"/>
</kw>
<status status="FAIL" start="2025-06-12T12:10:49.184716" elapsed="11.537517">Element 'xpath=//iframe[@id="launch-details-frame"]' not visible after 10 seconds.</status>
</test>
<kw name="Close Launch Browser" owner="spacex_ui_keywords" type="TEARDOWN">
<kw name="Close Browser" owner="SeleniumLibrary">
<doc>Closes the current browser.</doc>
<status status="PASS" start="2025-06-12T12:11:00.724866" elapsed="2.425502"/>
</kw>
<status status="PASS" start="2025-06-12T12:11:00.723996" elapsed="2.426624"/>
</kw>
<status status="FAIL" start="2025-06-12T12:10:38.823380" elapsed="24.327437"/>
</suite>
<status status="FAIL" start="2025-06-12T12:10:38.821442" elapsed="24.331828"/>
</suite>
<status status="FAIL" start="2025-06-12T12:10:38.807592" elapsed="24.347342"/>
</suite>
<statistics>
<total>
<stat pass="0" fail="1" skip="0">All Tests</stat>
</total>
<tag>
</tag>
<suite>
<stat name="Tests" id="s1" pass="0" fail="1" skip="0">Tests</stat>
<stat name="Gui Tests" id="s1-s1" pass="0" fail="1" skip="0">Tests.Gui Tests</stat>
<stat name="Iframe Launch Tests" id="s1-s1-s1" pass="0" fail="1" skip="0">Tests.Gui Tests.Iframe Launch Tests</stat>
</suite>
</statistics>
<errors>
</errors>
</robot>
