<?xml version="1.0" encoding="UTF-8"?>
<testng-results ignored="0" total="2" passed="0" failed="2" skipped="0">
  <reporter-output>
  </reporter-output>
  <suite started-at="2025-06-22T10:10:06 CEST" name="EventDrivenIntegrationSuite" finished-at="2025-06-22T10:10:06 CEST" duration-ms="98">
    <groups>
      <group name="integration">
        <method signature="EventDrivenTest.testMalformedOrderGoesToDlq()[pri:0, instance:com.eventdriven.order.EventDrivenTest@79da1ec0]" name="testMalformedOrderGoesToDlq" class="com.eventdriven.order.EventDrivenTest"/>
        <method signature="EventDrivenTest.testOrderEventEndToEnd()[pri:0, instance:com.eventdriven.order.EventDrivenTest@79da1ec0]" name="testOrderEventEndToEnd" class="com.eventdriven.order.EventDrivenTest"/>
      </group> <!-- integration -->
    </groups>
    <test started-at="2025-06-22T10:10:06 CEST" name="Full Integration Test" finished-at="2025-06-22T10:10:06 CEST" duration-ms="98">
      <class name="com.eventdriven.order.EventDrivenTest">
        <test-method signature="testMalformedOrderGoesToDlq()[pri:0, instance:com.eventdriven.order.EventDrivenTest@79da1ec0]" started-at="2025-06-22T10:10:06 CEST" name="testMalformedOrderGoesToDlq" description="Should route a malformed event to the dead-letter queue" finished-at="2025-06-22T10:10:06 CEST" duration-ms="22" status="FAIL">
          <exception class="java.lang.NullPointerException">
            <message>
              <![CDATA[Cannot invoke "org.testcontainers.kafka.KafkaContainer.getBootstrapServers()" because "com.eventdriven.order.EventDrivenTest.kafka" is null]]>
            </message>
            <full-stacktrace>
              <![CDATA[java.lang.NullPointerException: Cannot invoke "org.testcontainers.kafka.KafkaContainer.getBootstrapServers()" because "com.eventdriven.order.EventDrivenTest.kafka" is null
at com.eventdriven.order.EventDrivenTest.testMalformedOrderGoesToDlq(EventDrivenTest.java:184)
at java.base/jdk.internal.reflect.DirectMethodHandleAccessor.invoke(DirectMethodHandleAccessor.java:103)
at java.base/java.lang.reflect.Method.invoke(Method.java:580)
at org.testng.internal.invokers.MethodInvocationHelper.invokeMethod(MethodInvocationHelper.java:141)
at org.testng.internal.invokers.TestInvoker.invokeMethod(TestInvoker.java:687)
at org.testng.internal.invokers.TestInvoker.invokeTestMethod(TestInvoker.java:230)
at org.testng.internal.invokers.MethodRunner.runInSequence(MethodRunner.java:63)
at org.testng.internal.invokers.TestInvoker$MethodInvocationAgent.invoke(TestInvoker.java:995)
at org.testng.internal.invokers.TestInvoker.invokeTestMethods(TestInvoker.java:203)
at org.testng.internal.invokers.TestMethodWorker.invokeTestMethods(TestMethodWorker.java:154)
at org.testng.internal.invokers.TestMethodWorker.run(TestMethodWorker.java:134)
at java.base/java.util.concurrent.Executors$RunnableAdapter.call(Executors.java:572)
at java.base/java.util.concurrent.FutureTask.run(FutureTask.java:317)
at org.testng.internal.thread.graph.TestNGFutureTask.run(TestNGFutureTask.java:22)
at java.base/java.util.concurrent.ThreadPoolExecutor.runWorker(ThreadPoolExecutor.java:1144)
at java.base/java.util.concurrent.ThreadPoolExecutor$Worker.run(ThreadPoolExecutor.java:642)
at java.base/java.lang.Thread.run(Thread.java:1583)
]]>
            </full-stacktrace>
          </exception> <!-- java.lang.NullPointerException -->
          <reporter-output>
          </reporter-output>
        </test-method> <!-- testMalformedOrderGoesToDlq -->
        <test-method signature="testOrderEventEndToEnd()[pri:0, instance:com.eventdriven.order.EventDrivenTest@79da1ec0]" started-at="2025-06-22T10:10:06 CEST" name="testOrderEventEndToEnd" description="Should process an order event and update status in Redis to PROCESSED" finished-at="2025-06-22T10:10:06 CEST" duration-ms="16" status="FAIL">
          <exception class="java.lang.NullPointerException">
            <message>
              <![CDATA[Cannot invoke "com.eventdriven.order.util.TestKafkaProducer.sendOrder(com.eventdriven.order.model.Order)" because "com.eventdriven.order.EventDrivenTest.testKafkaProducer" is null]]>
            </message>
            <full-stacktrace>
              <![CDATA[java.lang.NullPointerException: Cannot invoke "com.eventdriven.order.util.TestKafkaProducer.sendOrder(com.eventdriven.order.model.Order)" because "com.eventdriven.order.EventDrivenTest.testKafkaProducer" is null
at com.eventdriven.order.EventDrivenTest.testOrderEventEndToEnd(EventDrivenTest.java:160)
at java.base/jdk.internal.reflect.DirectMethodHandleAccessor.invoke(DirectMethodHandleAccessor.java:103)
at java.base/java.lang.reflect.Method.invoke(Method.java:580)
at org.testng.internal.invokers.MethodInvocationHelper.invokeMethod(MethodInvocationHelper.java:141)
at org.testng.internal.invokers.TestInvoker.invokeMethod(TestInvoker.java:687)
at org.testng.internal.invokers.TestInvoker.invokeTestMethod(TestInvoker.java:230)
at org.testng.internal.invokers.MethodRunner.runInSequence(MethodRunner.java:63)
at org.testng.internal.invokers.TestInvoker$MethodInvocationAgent.invoke(TestInvoker.java:995)
at org.testng.internal.invokers.TestInvoker.invokeTestMethods(TestInvoker.java:203)
at org.testng.internal.invokers.TestMethodWorker.invokeTestMethods(TestMethodWorker.java:154)
at org.testng.internal.invokers.TestMethodWorker.run(TestMethodWorker.java:134)
at java.base/java.util.concurrent.Executors$RunnableAdapter.call(Executors.java:572)
at java.base/java.util.concurrent.FutureTask.run(FutureTask.java:317)
at org.testng.internal.thread.graph.TestNGFutureTask.run(TestNGFutureTask.java:22)
at java.base/java.util.concurrent.ThreadPoolExecutor.runWorker(ThreadPoolExecutor.java:1144)
at java.base/java.util.concurrent.ThreadPoolExecutor$Worker.run(ThreadPoolExecutor.java:642)
at java.base/java.lang.Thread.run(Thread.java:1583)
]]>
            </full-stacktrace>
          </exception> <!-- java.lang.NullPointerException -->
          <reporter-output>
          </reporter-output>
        </test-method> <!-- testOrderEventEndToEnd -->
      </class> <!-- com.eventdriven.order.EventDrivenTest -->
    </test> <!-- Full Integration Test -->
  </suite> <!-- EventDrivenIntegrationSuite -->
</testng-results>
